<?xml version="1.0" encoding="UTF-8"?>
<!-- Generated by org.testng.reporters.JUnitXMLReporter -->
<testsuite ignored="3" hostname="DESKTOP-GLKVRGN" failures="0" tests="1" name="Default test" time="14.388" errors="0" timestamp="2024-07-01T08:02:14 IST">
  <testcase classname="testCases.TableTest" name="agePrint" time="1.455"/>
  <testcase classname="testCases.TableTest" name="verifyNames" time="0.0">
    <ignored/>
  </testcase> <!-- verifyNames -->
  <testcase classname="testCases.TableTest" name="verifyHeaderName" time="0.0">
    <ignored/>
  </testcase> <!-- verifyHeaderName -->
  <testcase classname="testCases.TableTest" name="oficePrint" time="0.0">
    <ignored/>
  </testcase> <!-- oficePrint -->
</testsuite> <!-- Default test -->
