<?xml version="1.0" encoding="UTF-8"?>
<testng-results ignored="0" total="1" passed="1" failed="0" skipped="0">
  <reporter-output>
  </reporter-output>
  <suite started-at="2024-07-01T08:02:00 IST" name="Default suite" finished-at="2024-07-01T08:02:14 IST" duration-ms="14388">
    <groups>
    </groups>
    <test started-at="2024-07-01T08:02:00 IST" name="Default test" finished-at="2024-07-01T08:02:14 IST" duration-ms="14388">
      <class name="testCases.TableTest">
        <test-method is-config="true" signature="launchBrowser()[pri:0, instance:testCases.TableTest@5ab956d7]" started-at="2024-07-01T08:02:00 IST" name="launchBrowser" finished-at="2024-07-01T08:02:13 IST" duration-ms="12839" status="PASS">
          <reporter-output>
          </reporter-output>
        </test-method> <!-- launchBrowser -->
        <test-method signature="agePrint()[pri:0, instance:testCases.TableTest@5ab956d7]" started-at="2024-07-01T08:02:13 IST" name="agePrint" finished-at="2024-07-01T08:02:14 IST" duration-ms="1455" status="PASS">
          <reporter-output>
          </reporter-output>
        </test-method> <!-- agePrint -->
      </class> <!-- testCases.TableTest -->
    </test> <!-- Default test -->
  </suite> <!-- Default suite -->
</testng-results>
